==4502== Memcheck, a memory error detector
==4502== Copyright (C) 2002-2017, and GNU GPL'd, by Julian Seward et al.
==4502== Using Valgrind-3.18.1 and LibVEX; rerun with -h for copyright info
==4502== Command: ./q4
==4502== 
==4502== 
==4502== HEAP SUMMARY:
==4502==     in use at exit: 4 bytes in 1 blocks
==4502==   total heap usage: 1 allocs, 0 frees, 4 bytes allocated
==4502== 
==4502== 4 bytes in 1 blocks are definitely lost in loss record 1 of 1
==4502==    at 0x4865058: malloc (in /usr/libexec/valgrind/vgpreload_memcheck-arm64-linux.so)
==4502==    by 0x108763: main (q4.c:8)
==4502== 
==4502== LEAK SUMMARY:
==4502==    definitely lost: 4 bytes in 1 blocks
==4502==    indirectly lost: 0 bytes in 0 blocks
==4502==      possibly lost: 0 bytes in 0 blocks
==4502==    still reachable: 0 bytes in 0 blocks
==4502==         suppressed: 0 bytes in 0 blocks
==4502== 
==4502== For lists of detected and suppressed errors, rerun with: -s
==4502== ERROR SUMMARY: 1 errors from 1 contexts (suppressed: 0 from 0)
