==4506== Memcheck, a memory error detector
==4506== Copyright (C) 2002-2017, and GNU GPL'd, by Julian Seward et al.
==4506== Using Valgrind-3.18.1 and LibVEX; rerun with -h for copyright info
==4506== Command: ./q5
==4506== 
==4506== Invalid write of size 4
==4506==    at 0x108770: main (q5.c:12)
==4506==  Address 0x4a491d0 is 0 bytes after a block of size 400 alloc'd
==4506==    at 0x4865058: malloc (in /usr/libexec/valgrind/vgpreload_memcheck-arm64-linux.so)
==4506==    by 0x108763: main (q5.c:11)
==4506== 
==4506== 
==4506== HEAP SUMMARY:
==4506==     in use at exit: 400 bytes in 1 blocks
==4506==   total heap usage: 1 allocs, 0 frees, 400 bytes allocated
==4506== 
==4506== 400 bytes in 1 blocks are definitely lost in loss record 1 of 1
==4506==    at 0x4865058: malloc (in /usr/libexec/valgrind/vgpreload_memcheck-arm64-linux.so)
==4506==    by 0x108763: main (q5.c:11)
==4506== 
==4506== LEAK SUMMARY:
==4506==    definitely lost: 400 bytes in 1 blocks
==4506==    indirectly lost: 0 bytes in 0 blocks
==4506==      possibly lost: 0 bytes in 0 blocks
==4506==    still reachable: 0 bytes in 0 blocks
==4506==         suppressed: 0 bytes in 0 blocks
==4506== 
==4506== For lists of detected and suppressed errors, rerun with: -s
==4506== ERROR SUMMARY: 2 errors from 2 contexts (suppressed: 0 from 0)
