==4507== Memcheck, a memory error detector
==4507== Copyright (C) 2002-2017, and GNU GPL'd, by Julian Seward et al.
==4507== Using Valgrind-3.18.1 and LibVEX; rerun with -h for copyright info
==4507== Command: ./q6
==4507== 
==4507== Invalid read of size 4
==4507==    at 0x108834: main (q6.c:12)
==4507==  Address 0x4a49040 is 0 bytes inside a block of size 400 free'd
==4507==    at 0x4867AD0: free (in /usr/libexec/valgrind/vgpreload_memcheck-arm64-linux.so)
==4507==    by 0x10882F: main (q6.c:11)
==4507==  Block was alloc'd at
==4507==    at 0x4865058: malloc (in /usr/libexec/valgrind/vgpreload_memcheck-arm64-linux.so)
==4507==    by 0x108823: main (q6.c:10)
==4507== 
0
==4507== 
==4507== HEAP SUMMARY:
==4507==     in use at exit: 0 bytes in 0 blocks
==4507==   total heap usage: 2 allocs, 2 frees, 4,496 bytes allocated
==4507== 
==4507== All heap blocks were freed -- no leaks are possible
==4507== 
==4507== For lists of detected and suppressed errors, rerun with: -s
==4507== ERROR SUMMARY: 1 errors from 1 contexts (suppressed: 0 from 0)
